<?xml version="1.0" encoding="UTF-8"?>
<testng-results ignored="0" total="1" passed="1" failed="0" skipped="0">
  <reporter-output>
  </reporter-output>
  <suite started-at="2023-12-26T16:28:10 IST" name="Default suite" finished-at="2023-12-26T16:28:25 IST" duration-ms="15083">
    <groups>
    </groups>
    <test started-at="2023-12-26T16:28:10 IST" name="Default test" finished-at="2023-12-26T16:28:25 IST" duration-ms="15083">
      <class name="practice.BaseConfig">
        <test-method signature="ConfigAppium()[pri:0, instance:practice.BaseConfig@4f80542f]" started-at="2023-12-26T16:28:10 IST" name="ConfigAppium" finished-at="2023-12-26T16:28:25 IST" duration-ms="15050" status="PASS">
          <reporter-output>
          </reporter-output>
        </test-method> <!-- ConfigAppium -->
      </class> <!-- practice.BaseConfig -->
    </test> <!-- Default test -->
  </suite> <!-- Default suite -->
</testng-results>
